# JRE version: OpenJDK Runtime Environment (21.0.7) (build 21.0.7+-13880790-b1038.58)
# Java VM: OpenJDK 64-Bit Server VM (21.0.7+-13880790-b1038.58, mixed mode, tiered, compressed oops, compressed class ptrs, g1 gc, windows-amd64)
GC Precious Log:
 CardTable entry size: 512
 Card Set container configuration: InlinePtr #cards 5 size 8 Array Of Cards #cards 12 size 40 Howl #buckets 4 coarsen threshold 1843 Howl Bitmap #cards 512 size 80 coarsen threshold 460 Card regions per heap region 1 cards per card region 2048
 CPUs: 4 total, 4 available
 Memory: 16118M
 Large Page Support: Disabled
 NUMA Support: Disabled
 Compressed Oops: Enabled (32-bit)
 Heap Region Size: 1M
 Heap Min Capacity: 8M
 Heap Initial Capacity: 252M
 Heap Max Capacity: 2G
 Pre-touch: Disabled
 Parallel Workers: 4
 Concurrent Workers: 1
 Concurrent Refinement Workers: 4
 Periodic GC: Disabled
Heap:
 garbage-first heap   total 178176K, used 94889K [0x0000000080000000, 0x0000000100000000)
  region size 1024K, 10 young (10240K), 9 survivors (9216K)
 Metaspace       used 98402K, committed 100352K, reserved 1179648K
  class space    used 13311K, committed 14272K, reserved 1048576K
GC Heap History (20 events):
Event: 13.776 GC heap before
{Heap before GC invocations=18 (full 0):
 garbage-first heap   total 86016K, used 77714K [0x0000000080000000, 0x0000000100000000)
  region size 1024K, 35 young (35840K), 3 survivors (3072K)
 Metaspace       used 67701K, committed 69312K, reserved 1114112K
  class space    used 9389K, committed 10176K, reserved 1048576K
}
Event: 13.783 GC heap after
{Heap after GC invocations=19 (full 0):
 garbage-first heap   total 86016K, used 46061K [0x0000000080000000, 0x0000000100000000)
  region size 1024K, 4 young (4096K), 4 survivors (4096K)
 Metaspace       used 67701K, committed 69312K, reserved 1114112K
  class space    used 9389K, committed 10176K, reserved 1048576K
}
Event: 15.074 GC heap before
{Heap before GC invocations=19 (full 0):
 garbage-first heap   total 86016K, used 75757K [0x0000000080000000, 0x0000000100000000)
  region size 1024K, 33 young (33792K), 4 survivors (4096K)
 Metaspace       used 70564K, committed 72320K, reserved 1114112K
  class space    used 9803K, committed 10624K, reserved 1048576K
}
Event: 15.087 GC heap after
{Heap after GC invocations=20 (full 0):
 garbage-first heap   total 86016K, used 49842K [0x0000000080000000, 0x0000000100000000)
  region size 1024K, 5 young (5120K), 5 survivors (5120K)
 Metaspace       used 70564K, committed 72320K, reserved 1114112K
  class space    used 9803K, committed 10624K, reserved 1048576K
}
Event: 16.326 GC heap before
{Heap before GC invocations=21 (full 0):
 garbage-first heap   total 86016K, used 74418K [0x0000000080000000, 0x0000000100000000)
  region size 1024K, 30 young (30720K), 5 survivors (5120K)
 Metaspace       used 71057K, committed 72832K, reserved 1114112K
  class space    used 9828K, committed 10688K, reserved 1048576K
}
Event: 16.336 GC heap after
{Heap after GC invocations=22 (full 0):
 garbage-first heap   total 86016K, used 54427K [0x0000000080000000, 0x0000000100000000)
  region size 1024K, 4 young (4096K), 4 survivors (4096K)
 Metaspace       used 71057K, committed 72832K, reserved 1114112K
  class space    used 9828K, committed 10688K, reserved 1048576K
}
Event: 16.768 GC heap before
{Heap before GC invocations=22 (full 0):
 garbage-first heap   total 86016K, used 75931K [0x0000000080000000, 0x0000000100000000)
  region size 1024K, 25 young (25600K), 4 survivors (4096K)
 Metaspace       used 71171K, committed 72960K, reserved 1114112K
  class space    used 9828K, committed 10688K, reserved 1048576K
}
Event: 16.776 GC heap after
{Heap after GC invocations=23 (full 0):
 garbage-first heap   total 86016K, used 55555K [0x0000000080000000, 0x0000000100000000)
  region size 1024K, 4 young (4096K), 4 survivors (4096K)
 Metaspace       used 71171K, committed 72960K, reserved 1114112K
  class space    used 9828K, committed 10688K, reserved 1048576K
}
Event: 17.232 GC heap before
{Heap before GC invocations=23 (full 0):
 garbage-first heap   total 86016K, used 75011K [0x0000000080000000, 0x0000000100000000)
  region size 1024K, 24 young (24576K), 4 survivors (4096K)
 Metaspace       used 71360K, committed 73088K, reserved 1114112K
  class space    used 9828K, committed 10688K, reserved 1048576K
}
Event: 17.237 GC heap after
{Heap after GC invocations=24 (full 0):
 garbage-first heap   total 172032K, used 55956K [0x0000000080000000, 0x0000000100000000)
  region size 1024K, 3 young (3072K), 3 survivors (3072K)
 Metaspace       used 71360K, committed 73088K, reserved 1114112K
  class space    used 9828K, committed 10688K, reserved 1048576K
}
Event: 18.283 GC heap before
{Heap before GC invocations=25 (full 0):
 garbage-first heap   total 172032K, used 146068K [0x0000000080000000, 0x0000000100000000)
  region size 1024K, 92 young (94208K), 3 survivors (3072K)
 Metaspace       used 71475K, committed 73216K, reserved 1114112K
  class space    used 9829K, committed 10688K, reserved 1048576K
}
Event: 18.291 GC heap after
{Heap after GC invocations=26 (full 0):
 garbage-first heap   total 172032K, used 58303K [0x0000000080000000, 0x0000000100000000)
  region size 1024K, 6 young (6144K), 6 survivors (6144K)
 Metaspace       used 71475K, committed 73216K, reserved 1114112K
  class space    used 9829K, committed 10688K, reserved 1048576K
}
Event: 20.870 GC heap before
{Heap before GC invocations=26 (full 0):
 garbage-first heap   total 172032K, used 159679K [0x0000000080000000, 0x0000000100000000)
  region size 1024K, 95 young (97280K), 6 survivors (6144K)
 Metaspace       used 76684K, committed 78528K, reserved 1179648K
  class space    used 10434K, committed 11328K, reserved 1048576K
}
Event: 20.885 GC heap after
{Heap after GC invocations=27 (full 0):
 garbage-first heap   total 178176K, used 76103K [0x0000000080000000, 0x0000000100000000)
  region size 1024K, 12 young (12288K), 12 survivors (12288K)
 Metaspace       used 76684K, committed 78528K, reserved 1179648K
  class space    used 10434K, committed 11328K, reserved 1048576K
}
Event: 24.494 GC heap before
{Heap before GC invocations=27 (full 0):
 garbage-first heap   total 178176K, used 130375K [0x0000000080000000, 0x0000000100000000)
  region size 1024K, 66 young (67584K), 12 survivors (12288K)
 Metaspace       used 83392K, committed 85248K, reserved 1179648K
  class space    used 11276K, committed 12160K, reserved 1048576K
}
Event: 24.511 GC heap after
{Heap after GC invocations=28 (full 0):
 garbage-first heap   total 178176K, used 80553K [0x0000000080000000, 0x0000000100000000)
  region size 1024K, 4 young (4096K), 4 survivors (4096K)
 Metaspace       used 83392K, committed 85248K, reserved 1179648K
  class space    used 11276K, committed 12160K, reserved 1048576K
}
Event: 27.074 GC heap before
{Heap before GC invocations=29 (full 0):
 garbage-first heap   total 178176K, used 161449K [0x0000000080000000, 0x0000000100000000)
  region size 1024K, 78 young (79872K), 4 survivors (4096K)
 Metaspace       used 88576K, committed 90432K, reserved 1179648K
  class space    used 11978K, committed 12864K, reserved 1048576K
}
Event: 27.085 GC heap after
{Heap after GC invocations=30 (full 0):
 garbage-first heap   total 178176K, used 86952K [0x0000000080000000, 0x0000000100000000)
  region size 1024K, 9 young (9216K), 9 survivors (9216K)
 Metaspace       used 88576K, committed 90432K, reserved 1179648K
  class space    used 11978K, committed 12864K, reserved 1048576K
}
Event: 29.473 GC heap before
{Heap before GC invocations=30 (full 0):
 garbage-first heap   total 178176K, used 157608K [0x0000000080000000, 0x0000000100000000)
  region size 1024K, 78 young (79872K), 9 survivors (9216K)
 Metaspace       used 94718K, committed 96640K, reserved 1179648K
  class space    used 12824K, committed 13760K, reserved 1048576K
}
Event: 29.492 GC heap after
{Heap after GC invocations=31 (full 0):
 garbage-first heap   total 178176K, used 89769K [0x0000000080000000, 0x0000000100000000)
  region size 1024K, 4 young (4096K), 4 survivors (4096K)
 Metaspace       used 94718K, committed 96640K, reserved 1179648K
  class space    used 12824K, committed 13760K, reserved 1048576K
}

